<?xml version="1.0" encoding="UTF-8"?>
<!-- Generated by org.testng.reporters.JUnitXMLReporter -->
<testsuite hostname="OM383s-MBP.gateway" name="iPhone X Simulator Test" tests="1" failures="0" timestamp="16 Nov 2017 00:08:58 GMT" time="0.055" errors="0">
  <testcase name="@BeforeClass setup" time="0.0" classname="com.settings3.Settings31">
    <failure type="org.testng.TestNGException" message="
Parameter &amp;apos;Port&amp;apos; is required by @Configuration on method setup but has not been marked @Optional or defined
in /Users/shanojthekkan/Documents/New_workspace/AppiumParallelTest/testng3.xml">
      <![CDATA[org.testng.TestNGException: 
Parameter 'Port' is required by @Configuration on method setup but has not been marked @Optional or defined
in /Users/shanojthekkan/Documents/New_workspace/AppiumParallelTest/testng3.xml
	at org.testng.internal.Parameters.createParameters(Parameters.java:156)
	at org.testng.internal.Parameters.createParameters(Parameters.java:362)
	at org.testng.internal.Parameters.createConfigurationParameters(Parameters.java:87)
	at org.testng.internal.Invoker.invokeConfigurations(Invoker.java:201)
	at org.testng.internal.Invoker.invokeConfigurations(Invoker.java:140)
	at org.testng.internal.TestMethodWorker.invokeBeforeClassMethods(TestMethodWorker.java:170)
	at org.testng.internal.TestMethodWorker.run(TestMethodWorker.java:104)
	at org.testng.TestRunner.privateRun(TestRunner.java:767)
	at org.testng.TestRunner.run(TestRunner.java:617)
	at org.testng.SuiteRunner.runTest(SuiteRunner.java:348)
	at org.testng.SuiteRunner.access$000(SuiteRunner.java:38)
	at org.testng.SuiteRunner$SuiteWorker.run(SuiteRunner.java:382)
	at org.testng.internal.thread.ThreadUtil$2.call(ThreadUtil.java:64)
	at java.util.concurrent.FutureTask.run(FutureTask.java:266)
	at java.util.concurrent.ThreadPoolExecutor.runWorker(ThreadPoolExecutor.java:1142)
	at java.util.concurrent.ThreadPoolExecutor$Worker.run(ThreadPoolExecutor.java:617)
	at java.lang.Thread.run(Thread.java:745)
]]>
    </failure>
  </testcase> <!-- @BeforeClass setup -->
  <testcase name="testthird301" time="0.008" classname="com.settings3.Settings31">
    <skipped/>
  </testcase> <!-- testthird301 -->
</testsuite> <!-- iPhone X Simulator Test -->
